f:\uni\uni\advanced graphics\semester 2\projects\v5 - more scene graph stuff\dx11\dx11\frameworkdx11\debug\vc142.pdb
f:\uni\uni\advanced graphics\semester 2\projects\v5 - more scene graph stuff\dx11\dx11\frameworkdx11\debug\vc142.idb
f:\uni\uni\advanced graphics\semester 2\projects\v5 - more scene graph stuff\dx11\dx11\frameworkdx11\debug\objloader.obj
f:\uni\uni\advanced graphics\semester 2\projects\v5 - more scene graph stuff\dx11\dx11\frameworkdx11\debug\skeleton.obj
f:\uni\uni\advanced graphics\semester 2\projects\v5 - more scene graph stuff\dx11\dx11\frameworkdx11\debug\scenenode.obj
f:\uni\uni\advanced graphics\semester 2\projects\v5 - more scene graph stuff\dx11\dx11\frameworkdx11\debug\main.obj
f:\uni\uni\advanced graphics\semester 2\projects\v5 - more scene graph stuff\dx11\dx11\frameworkdx11\debug\imgui_widgets.obj
f:\uni\uni\advanced graphics\semester 2\projects\v5 - more scene graph stuff\dx11\dx11\frameworkdx11\debug\imgui_impl_win32.obj
f:\uni\uni\advanced graphics\semester 2\projects\v5 - more scene graph stuff\dx11\dx11\frameworkdx11\debug\imgui_impl_dx11.obj
f:\uni\uni\advanced graphics\semester 2\projects\v5 - more scene graph stuff\dx11\dx11\frameworkdx11\debug\imgui_draw.obj
f:\uni\uni\advanced graphics\semester 2\projects\v5 - more scene graph stuff\dx11\dx11\frameworkdx11\debug\imgui.obj
f:\uni\uni\advanced graphics\semester 2\projects\v5 - more scene graph stuff\dx11\dx11\frameworkdx11\debug\terrain.obj
f:\uni\uni\advanced graphics\semester 2\projects\v5 - more scene graph stuff\dx11\dx11\frameworkdx11\debug\drawablegameobject.obj
f:\uni\uni\advanced graphics\semester 2\projects\v5 - more scene graph stuff\dx11\dx11\frameworkdx11\debug\ddstextureloader.obj
f:\uni\uni\advanced graphics\semester 2\projects\v5 - more scene graph stuff\dx11\dx11\frameworkdx11\debug\camera.obj
f:\uni\uni\advanced graphics\semester 2\projects\v5 - more scene graph stuff\dx11\dx11\frameworkdx11\debug\bone.obj
c:\users\buggi\desktop\ag - sem 2\dx11\dx11\frameworkdx11\debug\vc142.pdb
c:\users\buggi\desktop\ag - sem 2\dx11\dx11\frameworkdx11\debug\vc142.idb
c:\users\buggi\desktop\ag - sem 2\dx11\dx11\frameworkdx11\debug\objloader.obj
c:\users\buggi\desktop\ag - sem 2\dx11\dx11\frameworkdx11\debug\skeleton.obj
c:\users\buggi\desktop\ag - sem 2\dx11\dx11\frameworkdx11\debug\scenenode.obj
c:\users\buggi\desktop\ag - sem 2\dx11\dx11\frameworkdx11\debug\main.obj
c:\users\buggi\desktop\ag - sem 2\dx11\dx11\frameworkdx11\debug\imgui_widgets.obj
c:\users\buggi\desktop\ag - sem 2\dx11\dx11\frameworkdx11\debug\imgui_impl_win32.obj
c:\users\buggi\desktop\ag - sem 2\dx11\dx11\frameworkdx11\debug\imgui_impl_dx11.obj
c:\users\buggi\desktop\ag - sem 2\dx11\dx11\frameworkdx11\debug\imgui_draw.obj
c:\users\buggi\desktop\ag - sem 2\dx11\dx11\frameworkdx11\debug\imgui.obj
c:\users\buggi\desktop\ag - sem 2\dx11\dx11\frameworkdx11\debug\terrain.obj
c:\users\buggi\desktop\ag - sem 2\dx11\dx11\frameworkdx11\debug\drawablegameobject.obj
c:\users\buggi\desktop\ag - sem 2\dx11\dx11\frameworkdx11\debug\ddstextureloader.obj
c:\users\buggi\desktop\ag - sem 2\dx11\dx11\frameworkdx11\debug\camera.obj
c:\users\buggi\desktop\ag - sem 2\dx11\dx11\frameworkdx11\debug\bone.obj
f:\uni\uni\advanced graphics\semester 2\projects\v5 - more scene graph stuff\dx11\dx11\debug\frameworkdx11.exe
f:\uni\uni\advanced graphics\semester 2\projects\v5 - more scene graph stuff\dx11\dx11\frameworkdx11\debug\frameworkdx11.ilk
f:\uni\uni\advanced graphics\semester 2\projects\v5 - more scene graph stuff\dx11\dx11\debug\frameworkdx11.pdb
c:\users\buggi\desktop\ag - sem 2\dx11\dx11\debug\frameworkdx11.exe
c:\users\buggi\desktop\ag - sem 2\dx11\dx11\frameworkdx11\debug\frameworkdx11.ilk
c:\users\buggi\desktop\ag - sem 2\dx11\dx11\debug\frameworkdx11.pdb
f:\uni\uni\advanced graphics\semester 2\projects\v5 - more scene graph stuff\dx11\dx11\frameworkdx11\debug\tutorial01.res
c:\users\buggi\desktop\ag - sem 2\dx11\dx11\frameworkdx11\debug\tutorial01.res
c:\users\buggi\desktop\ag - sem 2\dx11\dx11\frameworkdx11\debug\frameworkdx11.tlog\cl.command.1.tlog
c:\users\buggi\desktop\ag - sem 2\dx11\dx11\frameworkdx11\debug\frameworkdx11.tlog\cl.read.1.tlog
c:\users\buggi\desktop\ag - sem 2\dx11\dx11\frameworkdx11\debug\frameworkdx11.tlog\cl.write.1.tlog
c:\users\buggi\desktop\ag - sem 2\dx11\dx11\frameworkdx11\debug\frameworkdx11.tlog\link.command.1.tlog
c:\users\buggi\desktop\ag - sem 2\dx11\dx11\frameworkdx11\debug\frameworkdx11.tlog\link.read.1.tlog
c:\users\buggi\desktop\ag - sem 2\dx11\dx11\frameworkdx11\debug\frameworkdx11.tlog\link.write.1.tlog
c:\users\buggi\desktop\ag - sem 2\dx11\dx11\frameworkdx11\debug\frameworkdx11.tlog\rc.command.1.tlog
c:\users\buggi\desktop\ag - sem 2\dx11\dx11\frameworkdx11\debug\frameworkdx11.tlog\rc.read.1.tlog
c:\users\buggi\desktop\ag - sem 2\dx11\dx11\frameworkdx11\debug\frameworkdx11.tlog\rc.write.1.tlog
