  Terrain.cpp
C:\Users\buggi\Documents\GitHub\DirectX-11-Terrain\FrameworkDX11\Framework\Terrain\Terrain.cpp(30,12): warning C4244: 'argument': conversion from 'time_t' to 'unsigned int', possible loss of data
C:\Users\buggi\Documents\GitHub\DirectX-11-Terrain\FrameworkDX11\Framework\Terrain\Terrain.cpp(4,151): warning C4100: 'seed': unreferenced formal parameter
C:\Users\buggi\Documents\GitHub\DirectX-11-Terrain\FrameworkDX11\Framework\Terrain\Terrain.cpp(4,73): warning C4100: 'smoothingFactor': unreferenced formal parameter
C:\Users\buggi\Documents\GitHub\DirectX-11-Terrain\FrameworkDX11\Framework\Terrain\Terrain.cpp(50,32): warning C4458: declaration of 'width' hides class member
C:\Users\buggi\Documents\GitHub\DirectX-11-Terrain\FrameworkDX11\Framework\Terrain\Terrain.h(108,8): message : see declaration of 'Terrain::width'
C:\Users\buggi\Documents\GitHub\DirectX-11-Terrain\FrameworkDX11\Framework\Terrain\Terrain.cpp(50,57): warning C4458: declaration of 'rows' hides class member
C:\Users\buggi\Documents\GitHub\DirectX-11-Terrain\FrameworkDX11\Framework\Terrain\Terrain.h(110,7): message : see declaration of 'Terrain::rows'
C:\Users\buggi\Documents\GitHub\DirectX-11-Terrain\FrameworkDX11\Framework\Terrain\Terrain.cpp(50,68): warning C4458: declaration of 'cols' hides class member
C:\Users\buggi\Documents\GitHub\DirectX-11-Terrain\FrameworkDX11\Framework\Terrain\Terrain.h(109,7): message : see declaration of 'Terrain::cols'
C:\Users\buggi\Documents\GitHub\DirectX-11-Terrain\FrameworkDX11\Framework\Terrain\Terrain.cpp(72,20): warning C4018: '<': signed/unsigned mismatch
C:\Users\buggi\Documents\GitHub\DirectX-11-Terrain\FrameworkDX11\Framework\Terrain\Terrain.cpp(74,21): warning C4018: '<': signed/unsigned mismatch
C:\Users\buggi\Documents\GitHub\DirectX-11-Terrain\FrameworkDX11\Framework\Terrain\Terrain.cpp(88,21): warning C4244: '=': conversion from 'UINT' to 'float', possible loss of data
C:\Users\buggi\Documents\GitHub\DirectX-11-Terrain\FrameworkDX11\Framework\Terrain\Terrain.cpp(89,21): warning C4244: '=': conversion from 'UINT' to 'float', possible loss of data
C:\Users\buggi\Documents\GitHub\DirectX-11-Terrain\FrameworkDX11\Framework\Terrain\Terrain.cpp(96,20): warning C4018: '<': signed/unsigned mismatch
C:\Users\buggi\Documents\GitHub\DirectX-11-Terrain\FrameworkDX11\Framework\Terrain\Terrain.cpp(98,21): warning C4018: '<': signed/unsigned mismatch
C:\Users\buggi\Documents\GitHub\DirectX-11-Terrain\FrameworkDX11\Framework\Terrain\Terrain.cpp(65,8): warning C4101: 'z': unreferenced local variable
C:\Users\buggi\Documents\GitHub\DirectX-11-Terrain\FrameworkDX11\Framework\Terrain\Terrain.cpp(59,8): warning C4189: 'dz': local variable is initialized but not referenced
C:\Users\buggi\Documents\GitHub\DirectX-11-Terrain\FrameworkDX11\Framework\Terrain\Terrain.cpp(61,8): warning C4189: 'du': local variable is initialized but not referenced
C:\Users\buggi\Documents\GitHub\DirectX-11-Terrain\FrameworkDX11\Framework\Terrain\Terrain.cpp(55,8): warning C4189: 'halfWidth': local variable is initialized but not referenced
C:\Users\buggi\Documents\GitHub\DirectX-11-Terrain\FrameworkDX11\Framework\Terrain\Terrain.cpp(64,8): warning C4101: 'x': unreferenced local variable
C:\Users\buggi\Documents\GitHub\DirectX-11-Terrain\FrameworkDX11\Framework\Terrain\Terrain.cpp(56,8): warning C4189: 'halfDepth': local variable is initialized but not referenced
C:\Users\buggi\Documents\GitHub\DirectX-11-Terrain\FrameworkDX11\Framework\Terrain\Terrain.cpp(53,7): warning C4189: 'triCount': local variable is initialized but not referenced
C:\Users\buggi\Documents\GitHub\DirectX-11-Terrain\FrameworkDX11\Framework\Terrain\Terrain.cpp(62,8): warning C4189: 'dv': local variable is initialized but not referenced
C:\Users\buggi\Documents\GitHub\DirectX-11-Terrain\FrameworkDX11\Framework\Terrain\Terrain.cpp(52,6): warning C4189: 'vertexCount': local variable is initialized but not referenced
C:\Users\buggi\Documents\GitHub\DirectX-11-Terrain\FrameworkDX11\Framework\Terrain\Terrain.cpp(58,8): warning C4189: 'dx': local variable is initialized but not referenced
C:\Users\buggi\Documents\GitHub\DirectX-11-Terrain\FrameworkDX11\Framework\Terrain\Terrain.cpp(122,54): warning C4267: '=': conversion from 'size_t' to 'UINT', possible loss of data
C:\Users\buggi\Documents\GitHub\DirectX-11-Terrain\FrameworkDX11\Framework\Terrain\Terrain.cpp(138,60): warning C4267: '=': conversion from 'size_t' to 'UINT', possible loss of data
C:\Users\buggi\Documents\GitHub\DirectX-11-Terrain\FrameworkDX11\Framework\Terrain\Terrain.cpp(225,49): warning C4267: 'argument': conversion from 'size_t' to 'UINT', possible loss of data
C:\Users\buggi\Documents\GitHub\DirectX-11-Terrain\FrameworkDX11\Framework\Terrain\Terrain.cpp(260,21): warning C4018: '<': signed/unsigned mismatch
C:\Users\buggi\Documents\GitHub\DirectX-11-Terrain\FrameworkDX11\Framework\Terrain\Terrain.cpp(267,46): warning C4458: declaration of 'rows' hides class member
C:\Users\buggi\Documents\GitHub\DirectX-11-Terrain\FrameworkDX11\Framework\Terrain\Terrain.h(110,7): message : see declaration of 'Terrain::rows'
C:\Users\buggi\Documents\GitHub\DirectX-11-Terrain\FrameworkDX11\Framework\Terrain\Terrain.cpp(267,57): warning C4458: declaration of 'cols' hides class member
C:\Users\buggi\Documents\GitHub\DirectX-11-Terrain\FrameworkDX11\Framework\Terrain\Terrain.h(109,7): message : see declaration of 'Terrain::cols'
C:\Users\buggi\Documents\GitHub\DirectX-11-Terrain\FrameworkDX11\Framework\Terrain\Terrain.cpp(271,16): warning C4018: '<': signed/unsigned mismatch
C:\Users\buggi\Documents\GitHub\DirectX-11-Terrain\FrameworkDX11\Framework\Terrain\Terrain.cpp(272,17): warning C4018: '<': signed/unsigned mismatch
C:\Users\buggi\Documents\GitHub\DirectX-11-Terrain\FrameworkDX11\Framework\Terrain\Terrain.cpp(277,16): warning C4018: '<': signed/unsigned mismatch
C:\Users\buggi\Documents\GitHub\DirectX-11-Terrain\FrameworkDX11\Framework\Terrain\Terrain.cpp(278,17): warning C4018: '<': signed/unsigned mismatch
C:\Users\buggi\Documents\GitHub\DirectX-11-Terrain\FrameworkDX11\Framework\Terrain\Terrain.cpp(283,16): warning C4018: '<': signed/unsigned mismatch
C:\Users\buggi\Documents\GitHub\DirectX-11-Terrain\FrameworkDX11\Framework\Terrain\Terrain.cpp(290,17): warning C4018: '<': signed/unsigned mismatch
C:\Users\buggi\Documents\GitHub\DirectX-11-Terrain\FrameworkDX11\Framework\Terrain\Terrain.cpp(321,18): warning C4244: '/=': conversion from 'double' to 'int', possible loss of data
C:\Users\buggi\Documents\GitHub\DirectX-11-Terrain\FrameworkDX11\Framework\Terrain\Terrain.cpp(356,12): warning C4244: 'initializing': conversion from 'float' to 'int', possible loss of data
C:\Users\buggi\Documents\GitHub\DirectX-11-Terrain\FrameworkDX11\Framework\Terrain\Terrain.cpp(420,38): warning C4244: '=': conversion from 'float' to 'int', possible loss of data
C:\Users\buggi\Documents\GitHub\DirectX-11-Terrain\FrameworkDX11\Framework\Terrain\Terrain.cpp(431,19): warning C4458: declaration of 'height' hides class member
C:\Users\buggi\Documents\GitHub\DirectX-11-Terrain\FrameworkDX11\Framework\Terrain\Terrain.h(107,8): message : see declaration of 'Terrain::height'
C:\Users\buggi\Documents\GitHub\DirectX-11-Terrain\FrameworkDX11\Framework\Terrain\Terrain.cpp(456,12): warning C4244: 'argument': conversion from 'time_t' to 'unsigned int', possible loss of data
  FrameworkDX11.vcxproj -> C:\Users\buggi\Documents\GitHub\DirectX-11-Terrain\x64\Debug\FrameworkDX11.exe
